<?xml version="1.0" encoding="UTF-8"?>
<!-- Generated by org.testng.reporters.JUnitXMLReporter -->
<testsuite ignored="0" hostname="HP" failures="0" tests="3" name="StandAlone Test" time="47.371" errors="0" timestamp="2024-11-03T22:08:03 IST">
  <testcase classname="rahulshettyacademy.StandAloneTest" name="submitOrder" time="14.384"/>
  <testcase classname="rahulshettyacademy.StandAloneTest" name="submitOrder" time="14.304"/>
  <testcase classname="rahulshettyacademy.StandAloneTest" name="seeOrderHistory" time="10.551"/>
</testsuite> <!-- StandAlone Test -->
